#
# There is insufficient memory for the Java Runtime Environment to continue.
# Native memory allocation (mmap) failed to map 266338304 bytes for G1 virtual space
# Possible reasons:
#   The system is out of physical RAM or swap space
#   The process is running with CompressedOops enabled, and the Java Heap may be blocking the growth of the native heap
# Possible solutions:
#   Reduce memory load on the system
#   Increase physical memory or swap space
#   Check if swap backing store is full
#   Decrease Java heap size (-Xmx/-Xms)
#   Decrease number of Java threads
#   Decrease Java thread stack sizes (-Xss)
#   Set larger code cache with -XX:ReservedCodeCacheSize=
#   JVM is running with Zero Based Compressed Oops mode in which the Java heap is
#     placed in the first 32GB address space. The Java Heap base address is the
#     maximum limit for the native heap growth. Please use -XX:HeapBaseMinAddress
#     to set the Java Heap base and to place the Java Heap above 32GB virtual address.
# This output file may be truncated or incomplete.
#
#  Out of Memory Error (os_windows.cpp:3469), pid=5632, tid=6704
#
# JRE version:  (17.0.1+12) (build )
# Java VM: Java HotSpot(TM) 64-Bit Server VM (17.0.1+12-LTS-39, mixed mode, sharing, tiered, compressed oops, compressed class ptrs, g1 gc, windows-amd64)
# No core dump will be written. Minidumps are not enabled by default on client versions of Windows
#

---------------  S U M M A R Y ------------

Command Line: -Dfile.encoding=windows-1252 -Duser.country=US -Duser.language=en -Duser.variant com.example.BookMyBook.BookMyBookApplication

Host: Intel(R) Core(TM) i5-8365U CPU @ 1.60GHz, 8 cores, 15G,  Windows 10 , 64 bit Build 19041 (10.0.19041.2546)
Time: Thu Mar 23 14:35:01 2023 India Standard Time elapsed time: 0.032423 seconds (0d 0h 0m 0s)

---------------  T H R E A D  ---------------

Current thread (0x000001b31d86e4e0):  JavaThread "Unknown thread" [_thread_in_vm, id=6704, stack(0x000000850ab00000,0x000000850ac00000)]

Stack: [0x000000850ab00000,0x000000850ac00000]
Native frames: (J=compiled Java code, j=interpreted, Vv=VM code, C=native code)
V  [jvm.dll+0x66fa1a]
V  [jvm.dll+0x7ce5a4]
V  [jvm.dll+0x7cfd4e]
V  [jvm.dll+0x7d03b3]
V  [jvm.dll+0x242b05]
V  [jvm.dll+0x66ca39]
V  [jvm.dll+0x661502]
V  [jvm.dll+0x30081b]
V  [jvm.dll+0x307da6]
V  [jvm.dll+0x357a1e]
V  [jvm.dll+0x357c4f]
V  [jvm.dll+0x2d7ad8]
V  [jvm.dll+0x2d8a44]
V  [jvm.dll+0x7a01e1]
V  [jvm.dll+0x365791]
V  [jvm.dll+0x77f6cc]
V  [jvm.dll+0x3e812f]
V  [jvm.dll+0x3e9bd1]
C  [jli.dll+0x527b]
C  [ucrtbase.dll+0x21bb2]
C  [KERNEL32.DLL+0x17614]
C  [ntdll.dll+0x526a1]


---------------  P R O C E S S  ---------------

Threads class SMR info:
_java_thread_list=0x00007ffd40987818, length=0, elements={
}

Java Threads: ( => current thread )

Other Threads:
  0x000001b31f9a0070 GCTaskThread "GC Thread#0" [stack: 0x000000850ac00000,0x000000850ad00000] [id=16740]
  0x000001b31f9b0cb0 ConcurrentGCThread "G1 Main Marker" [stack: 0x000000850ad00000,0x000000850ae00000] [id=4012]
  0x000001b31f9b2e70 ConcurrentGCThread "G1 Conc#0" [stack: 0x000000850ae00000,0x000000850af00000] [id=9200]

[error occurred during error reporting (printing all threads), id 0xc0000005, EXCEPTION_ACCESS_VIOLATION (0xc0000005) at pc=0x00007ffd401d84b7]

VM state: not at safepoint (not fully initialized)

VM Mutex/Monitor currently owned by a thread:  ([mutex/lock_event])
[0x000001b31d86aab0] Heap_lock - owner thread: 0x000001b31d86e4e0

Heap address: 0x0000000703000000, size: 4048 MB, Compressed Oops mode: Zero based, Oop shift amount: 3

CDS archive(s) mapped at: [0x0000000000000000-0x0000000000000000-0x0000000000000000), size 0, SharedBaseAddress: 0x0000000800000000, ArchiveRelocationMode: 0.
Narrow klass base: 0x0000000000000000, Narrow klass shift: 0, Narrow klass range: 0x0

GC Precious Log:
<Empty>

Heap:
 garbage-first heap   total 0K, used 0K [0x0000000703000000, 0x0000000800000000)
  region size 2048K, 0 young (0K), 0 survivors (0K)

[error occurred during error reporting (printing heap information), id 0xc0000005, EXCEPTION_ACCESS_VIOLATION (0xc0000005) at pc=0x00007ffd405b8d89]

GC Heap History (0 events):
No events

Deoptimization events (0 events):
No events

Classes unloaded (0 events):
No events

Classes redefined (0 events):
No events

Internal exceptions (0 events):
No events

VM Operations (0 events):
No events

Events (1 events):
Event: 0.023 Loaded shared library C:\JAVA\jdk-17.0.1\bin\java.dll


Dynamic libraries:
0x00007ff68f3d0000 - 0x00007ff68f3e0000 	C:\JAVA\jdk-17.0.1\bin\java.exe
0x00007ffdbc230000 - 0x00007ffdbc428000 	C:\WINDOWS\SYSTEM32\ntdll.dll
0x00007ffdbc130000 - 0x00007ffdbc1ef000 	C:\WINDOWS\System32\KERNEL32.DLL
0x00007ffdb9af0000 - 0x00007ffdb9dc2000 	C:\WINDOWS\System32\KERNELBASE.dll
0x00007ffdba0a0000 - 0x00007ffdba1a0000 	C:\WINDOWS\System32\ucrtbase.dll
0x00007ffdb6ff0000 - 0x00007ffdb7008000 	C:\JAVA\jdk-17.0.1\bin\jli.dll
0x00007ffdb4db0000 - 0x00007ffdb4dca000 	C:\JAVA\jdk-17.0.1\bin\VCRUNTIME140.dll
0x00007ffdba7f0000 - 0x00007ffdba89e000 	C:\WINDOWS\System32\ADVAPI32.dll
0x00007ffdba8a0000 - 0x00007ffdba93e000 	C:\WINDOWS\System32\msvcrt.dll
0x00007ffdbbfa0000 - 0x00007ffdbc03c000 	C:\WINDOWS\System32\sechost.dll
0x00007ffdbad60000 - 0x00007ffdbae85000 	C:\WINDOWS\System32\RPCRT4.dll
0x00007ffdbb620000 - 0x00007ffdbb7c1000 	C:\WINDOWS\System32\USER32.dll
0x00007ffda3ab0000 - 0x00007ffda3d4a000 	C:\WINDOWS\WinSxS\amd64_microsoft.windows.common-controls_6595b64144ccf1df_6.0.19041.1110_none_60b5254171f9507e\COMCTL32.dll
0x00007ffdbb240000 - 0x00007ffdbb26b000 	C:\WINDOWS\System32\GDI32.dll
0x00007ffdb9fc0000 - 0x00007ffdb9fe2000 	C:\WINDOWS\System32\win32u.dll
0x00007ffdb99e0000 - 0x00007ffdb9aef000 	C:\WINDOWS\System32\gdi32full.dll
0x00007ffdb03b0000 - 0x00007ffdb03ba000 	C:\WINDOWS\SYSTEM32\VERSION.dll
0x00007ffdba1d0000 - 0x00007ffdba26d000 	C:\WINDOWS\System32\msvcp_win.dll
0x00007ffdbc0f0000 - 0x00007ffdbc122000 	C:\WINDOWS\System32\IMM32.DLL
0x00007ffdb4e00000 - 0x00007ffdb4e0c000 	C:\JAVA\jdk-17.0.1\bin\vcruntime140_1.dll
0x00007ffd8a670000 - 0x00007ffd8a6fd000 	C:\JAVA\jdk-17.0.1\bin\msvcp140.dll
0x00007ffd3fef0000 - 0x00007ffd40aae000 	C:\JAVA\jdk-17.0.1\bin\server\jvm.dll
0x00007ffdbaea0000 - 0x00007ffdbaea8000 	C:\WINDOWS\System32\PSAPI.DLL
0x00007ffd9ee50000 - 0x00007ffd9ee59000 	C:\WINDOWS\SYSTEM32\WSOCK32.dll
0x00007ffda1de0000 - 0x00007ffda1e07000 	C:\WINDOWS\SYSTEM32\WINMM.dll
0x00007ffdbb0b0000 - 0x00007ffdbb11b000 	C:\WINDOWS\System32\WS2_32.dll
0x00007ffdb7690000 - 0x00007ffdb76a2000 	C:\WINDOWS\SYSTEM32\kernel.appcore.dll
0x00007ffdb4da0000 - 0x00007ffdb4daa000 	C:\JAVA\jdk-17.0.1\bin\jimage.dll
0x00007ffdb1cb0000 - 0x00007ffdb1e94000 	C:\WINDOWS\SYSTEM32\DBGHELP.DLL
0x00007ffd9f120000 - 0x00007ffd9f155000 	C:\WINDOWS\SYSTEM32\dbgcore.DLL
0x00007ffdb9f30000 - 0x00007ffdb9fb2000 	C:\WINDOWS\System32\bcryptPrimitives.dll
0x00007ffd8a990000 - 0x00007ffd8a9b5000 	C:\JAVA\jdk-17.0.1\bin\java.dll

dbghelp: loaded successfully - version: 4.0.5 - missing functions: none
symbol engine: initialized successfully - sym options: 0x614 - pdb path: .;C:\JAVA\jdk-17.0.1\bin;C:\WINDOWS\SYSTEM32;C:\WINDOWS\WinSxS\amd64_microsoft.windows.common-controls_6595b64144ccf1df_6.0.19041.1110_none_60b5254171f9507e;C:\JAVA\jdk-17.0.1\bin\server

VM Arguments:
jvm_args: -Dfile.encoding=windows-1252 -Duser.country=US -Duser.language=en -Duser.variant 
java_command: com.example.BookMyBook.BookMyBookApplication
java_class_path (initial): D:\Learning\Reactive Programming\BookMyBook\build\classes\java\main;D:\Learning\Reactive Programming\BookMyBook\build\resources\main;C:\Users\ritjain\.gradle\caches\modules-2\files-2.1\org.springframework.boot\spring-boot-starter-data-mongodb-reactive\3.0.4\a7daf3158232a5a603ecae926234da10df818338\spring-boot-starter-data-mongodb-reactive-3.0.4.jar;C:\Users\ritjain\.gradle\caches\modules-2\files-2.1\org.springframework.boot\spring-boot-starter-webflux\3.0.4\1de910082e5a775c268a61f2e59103db4ae14433\spring-boot-starter-webflux-3.0.4.jar;C:\Users\ritjain\.gradle\caches\modules-2\files-2.1\org.springframework.boot\spring-boot-starter-json\3.0.4\5ddf427d011646fe787fdaa1b8edc4a4eebd48d5\spring-boot-starter-json-3.0.4.jar;C:\Users\ritjain\.gradle\caches\modules-2\files-2.1\org.springframework.boot\spring-boot-starter\3.0.4\8f957a8bc9d70c0ca922406c6e23cb3db5d48109\spring-boot-starter-3.0.4.jar;C:\Users\ritjain\.gradle\caches\modules-2\files-2.1\org.mongodb\mongodb-driver-reactivestreams\4.8.2\5d58a5bebbfd879306227fc9d6a66dfd260dedc2\mongodb-driver-reactivestreams-4.8.2.jar;C:\Users\ritjain\.gradle\caches\modules-2\files-2.1\org.springframework\spring-webflux\6.0.6\2f22c23d54767461197f492e21d540367acced19\spring-webflux-6.0.6.jar;C:\Users\ritjain\.gradle\caches\modules-2\files-2.1\org.springframework.boot\spring-boot-starter-reactor-netty\3.0.4\ea3f5e435ff2ee3075932b4c3b2e8bba8b56d42b\spring-boot-starter-reactor-netty-3.0.4.jar;C:\Users\ritjain\.gradle\caches\modules-2\files-2.1\io.projectreactor.netty\reactor-netty-http\1.1.4\ca8b2f1b23e4593577e0f570e04bb80cd29ce1e3\reactor-netty-http-1.1.4.jar;C:\Users\ritjain\.gradle\caches\modules-2\files-2.1\io.projectreactor.netty\reactor-netty-core\1.1.4\53b29a92ca8b8fa89446750702be1014d028b2ff\reactor-netty-core-1.1.4.jar;C:\Users\ritjain\.gradle\caches\modules-2\files-2.1\io.projectreactor\reactor-core\3.5.3\dd102ecdb21ff78a486074dbad55331f8847eb5d\reactor-core-3.5.3.jar;C:\Users\ritjain\.gradle\caches\m
Launcher Type: SUN_STANDARD

[Global flags]
     intx CICompilerCount                          = 4                                         {product} {ergonomic}
     uint ConcGCThreads                            = 2                                         {product} {ergonomic}
     uint G1ConcRefinementThreads                  = 8                                         {product} {ergonomic}
   size_t G1HeapRegionSize                         = 2097152                                   {product} {ergonomic}
    uintx GCDrainStackTargetSize                   = 64                                        {product} {ergonomic}
   size_t InitialHeapSize                          = 266338304                                 {product} {ergonomic}
   size_t MarkStackSize                            = 4194304                                   {product} {ergonomic}
   size_t MaxHeapSize                              = 4244635648                                {product} {ergonomic}
   size_t MinHeapDeltaBytes                        = 2097152                                   {product} {ergonomic}
   size_t MinHeapSize                              = 8388608                                   {product} {ergonomic}
    uintx NonNMethodCodeHeapSize                   = 5839372                                {pd product} {ergonomic}
    uintx NonProfiledCodeHeapSize                  = 122909434                              {pd product} {ergonomic}
    uintx ProfiledCodeHeapSize                     = 122909434                              {pd product} {ergonomic}
    uintx ReservedCodeCacheSize                    = 251658240                              {pd product} {ergonomic}
     bool SegmentedCodeCache                       = true                                      {product} {ergonomic}
   size_t SoftMaxHeapSize                          = 4244635648                             {manageable} {ergonomic}
     bool UseCompressedClassPointers               = true                           {product lp64_product} {ergonomic}
     bool UseCompressedOops                        = true                           {product lp64_product} {ergonomic}
     bool UseG1GC                                  = true                                      {product} {ergonomic}
     bool UseLargePagesIndividualAllocation        = false                                  {pd product} {ergonomic}

Logging:
Log output configuration:
 #0: stdout all=warning uptime,level,tags
 #1: stderr all=off uptime,level,tags

Environment Variables:
JAVA_HOME=C:\Program Files\Java\jdk-11.0.16
PATH=C:\Program Files\Common Files\Oracle\Java\javapath;C:\Program Files (x86)\Common Files\Oracle\Java\javapath;C:\Program Files (x86)\RSA SecurID Token Common;C:\Program Files\RSA SecurID Token Common;D:\ORACLE\bin;C:\WINDOWS\system32;C:\WINDOWS;C:\WINDOWS\System32\Wbem;C:\WINDOWS\System32\WindowsPowerShell\v1.0\;C:\WINDOWS\System32\OpenSSH\;C:\Program Files\WindowsPowerShell\Scripts\HP.ClientScriptLibrary;C:\WINDOWS\System32\WindowsPowerShell\v1.0\;C:\Program Files\Git\cmd;C:\Program Files (x86)\Pulse Secure\VC142.CRT\X64\;C:\Program Files (x86)\Pulse Secure\VC142.CRT\X86\;C:\Program Files\apache-ant-1.9.16\bin;C:\Program Files\Azure Data Studio\bin;C:\JAVA\jdk1.7.0_80\bin;C:\Program Files\TortoiseGit\bin;C:\Softwares\wdk\bin;C:\Program Files (x86)\IBM\WebSphere\AppServer\bin;C:\Program Files\Java\jdk-11.0.16\bin;C:\apache-maven-3.6.3\bin;C:\JAVA\jdk1.7.0_80\bin;C:\JAVA\jdk-11.0.16\bin;C:\Program Files\Java\jdk1.8.0_202\bin;C:\Users\ritjain\AppData\Local\Programs\Python\Python310\Scripts\;C:\Users\ritjain\AppData\Local\Programs\Python\Python310\;C:\Program Files\RSA SecurID Token Common\;C:\Program Files\JetBrains\IntelliJ IDEA Community Edition 2020.3.3\bin;D:\HUGO\bin;C:\Users\ritjain\AppData\Local\Microsoft\WindowsApps;C:\Program Files\Azure Data Studio\bin;C:\JAVA\jdk1.7.0_80\bin;C:\apache-maven-3.6.3\bin;C:\JAVA\jdk1.7.0_80\bin;C:\JAVA\jdk-11.0.16\bin;C:\Program Files\Java\jdk1.8.0_202\bin;C:\Program Files\MongoDB\Server\6.0\bin;
USERNAME=ritjain
OS=Windows_NT
PROCESSOR_IDENTIFIER=Intel64 Family 6 Model 142 Stepping 12, GenuineIntel



---------------  S Y S T E M  ---------------

OS:
 Windows 10 , 64 bit Build 19041 (10.0.19041.2546)
OS uptime: 1 days 2:23 hours
Hyper-V role detected

CPU: total 8 (initial active 8) (4 cores per cpu, 2 threads per core) family 6 model 142 stepping 12 microcode 0xf0, cx8, cmov, fxsr, ht, mmx, 3dnowpref, sse, sse2, sse3, ssse3, sse4.1, sse4.2, popcnt, lzcnt, tsc, tscinvbit, avx, avx2, aes, erms, clmul, bmi1, bmi2, adx, fma, vzeroupper, clflush, clflushopt, hv

Memory: 4k page, system-wide physical 16190M (2721M free)
TotalPageFile size 24549M (AvailPageFile size 212M)
current process WorkingSet (physical memory assigned to process): 10M, peak: 10M
current process commit charge ("private bytes"): 60M, peak: 314M

vm_info: Java HotSpot(TM) 64-Bit Server VM (17.0.1+12-LTS-39) for windows-amd64 JRE (17.0.1+12-LTS-39), built on Sep 27 2021 18:41:35 by "mach5one" with MS VC++ 16.8 (VS2019)

END.
